This is pdfTeX, Version 3.141592653-2.6-1.40.24 (TeX Live 2022) (preloaded format=pdflatex 2022.10.15)  5 NOV 2025 14:12
entering extended mode
 restricted \write18 enabled.
 %&-line parsing enabled.
**tables_figures.tex
(./tables_figures.tex
LaTeX2e <2021-11-15> patch level 1
L3 programming layer <2022-02-24>
(/usr/local/texlive/2022/texmf-dist/tex/latex/base/article.cls
Document Class: article 2021/10/04 v1.4n Standard LaTeX document class
(/usr/local/texlive/2022/texmf-dist/tex/latex/base/size10.clo
File: size10.clo 2021/10/04 v1.4n Standard LaTeX file (size option)
)
\c@part=\count185
\c@section=\count186
\c@subsection=\count187
\c@subsubsection=\count188
\c@paragraph=\count189
\c@subparagraph=\count190
\c@figure=\count191
\c@table=\count192
\abovecaptionskip=\skip47
\belowcaptionskip=\skip48
\bibindent=\dimen138
)
(/usr/local/texlive/2022/texmf-dist/tex/latex/setspace/setspace.sty
Package: setspace 2011/12/19 v6.7a set line spacing
)
(/usr/local/texlive/2022/texmf-dist/tex/latex/amsmath/amsmath.sty
Package: amsmath 2021/10/15 v2.17l AMS math features
\@mathmargin=\skip49

For additional information on amsmath, use the `?' option.
(/usr/local/texlive/2022/texmf-dist/tex/latex/amsmath/amstext.sty
Package: amstext 2021/08/26 v2.01 AMS text

(/usr/local/texlive/2022/texmf-dist/tex/latex/amsmath/amsgen.sty
File: amsgen.sty 1999/11/30 v2.0 generic functions
\@emptytoks=\toks16
\ex@=\dimen139
))
(/usr/local/texlive/2022/texmf-dist/tex/latex/amsmath/amsbsy.sty
Package: amsbsy 1999/11/29 v1.2d Bold Symbols
\pmbraise@=\dimen140
)
(/usr/local/texlive/2022/texmf-dist/tex/latex/amsmath/amsopn.sty
Package: amsopn 2021/08/26 v2.02 operator names
)
\inf@bad=\count193
LaTeX Info: Redefining \frac on input line 234.
\uproot@=\count194
\leftroot@=\count195
LaTeX Info: Redefining \overline on input line 399.
\classnum@=\count196
\DOTSCASE@=\count197
LaTeX Info: Redefining \ldots on input line 496.
LaTeX Info: Redefining \dots on input line 499.
LaTeX Info: Redefining \cdots on input line 620.
\Mathstrutbox@=\box50
\strutbox@=\box51
\big@size=\dimen141
LaTeX Font Info:    Redeclaring font encoding OML on input line 743.
LaTeX Font Info:    Redeclaring font encoding OMS on input line 744.
\macc@depth=\count198
\c@MaxMatrixCols=\count199
\dotsspace@=\muskip16
\c@parentequation=\count266
\dspbrk@lvl=\count267
\tag@help=\toks17
\row@=\count268
\column@=\count269
\maxfields@=\count270
\andhelp@=\toks18
\eqnshift@=\dimen142
\alignsep@=\dimen143
\tagshift@=\dimen144
\tagwidth@=\dimen145
\totwidth@=\dimen146
\lineht@=\dimen147
\@envbody=\toks19
\multlinegap=\skip50
\multlinetaggap=\skip51
\mathdisplay@stack=\toks20
LaTeX Info: Redefining \[ on input line 2938.
LaTeX Info: Redefining \] on input line 2939.
)
(/usr/local/texlive/2022/texmf-dist/tex/latex/amsfonts/amsfonts.sty
Package: amsfonts 2013/01/14 v3.01 Basic AMSFonts support
\symAMSa=\mathgroup4
\symAMSb=\mathgroup5
LaTeX Font Info:    Redeclaring math symbol \hbar on input line 98.
LaTeX Font Info:    Overwriting math alphabet `\mathfrak' in version `bold'
(Font)                  U/euf/m/n --> U/euf/b/n on input line 106.
)
(/usr/local/texlive/2022/texmf-dist/tex/latex/amsfonts/amssymb.sty
Package: amssymb 2013/01/14 v3.01 AMS font symbols
)
(/usr/local/texlive/2022/texmf-dist/tex/latex/amscls/amsthm.sty
Package: amsthm 2020/05/29 v2.20.6
\thm@style=\toks21
\thm@bodyfont=\toks22
\thm@headfont=\toks23
\thm@notefont=\toks24
\thm@headpunct=\toks25
\thm@preskip=\skip52
\thm@postskip=\skip53
\thm@headsep=\skip54
\dth@everypar=\toks26
)
(/usr/local/texlive/2022/texmf-dist/tex/latex/booktabs/booktabs.sty
Package: booktabs 2020/01/12 v1.61803398 Publication quality tables
\heavyrulewidth=\dimen148
\lightrulewidth=\dimen149
\cmidrulewidth=\dimen150
\belowrulesep=\dimen151
\belowbottomsep=\dimen152
\aboverulesep=\dimen153
\abovetopsep=\dimen154
\cmidrulesep=\dimen155
\cmidrulekern=\dimen156
\defaultaddspace=\dimen157
\@cmidla=\count271
\@cmidlb=\count272
\@aboverulesep=\dimen158
\@belowrulesep=\dimen159
\@thisruleclass=\count273
\@lastruleclass=\count274
\@thisrulewidth=\dimen160
)
(/usr/local/texlive/2022/texmf-dist/tex/latex/threeparttable/threeparttable.sty
Package: threeparttable 2003/06/13  v 3.0
\@tempboxb=\box52
) (/usr/local/texlive/2022/texmf-dist/tex/latex/graphics/rotating.sty
Package: rotating 2016/08/11 v2.16d rotated objects in LaTeX

(/usr/local/texlive/2022/texmf-dist/tex/latex/graphics/graphicx.sty
Package: graphicx 2021/09/16 v1.2d Enhanced LaTeX Graphics (DPC,SPQR)

(/usr/local/texlive/2022/texmf-dist/tex/latex/graphics/keyval.sty
Package: keyval 2014/10/28 v1.15 key=value parser (DPC)
\KV@toks@=\toks27
)
(/usr/local/texlive/2022/texmf-dist/tex/latex/graphics/graphics.sty
Package: graphics 2021/03/04 v1.4d Standard LaTeX Graphics (DPC,SPQR)

(/usr/local/texlive/2022/texmf-dist/tex/latex/graphics/trig.sty
Package: trig 2021/08/11 v1.11 sin cos tan (DPC)
)
(/usr/local/texlive/2022/texmf-dist/tex/latex/graphics-cfg/graphics.cfg
File: graphics.cfg 2016/06/04 v1.11 sample graphics configuration
)
Package graphics Info: Driver file: pdftex.def on input line 107.

(/usr/local/texlive/2022/texmf-dist/tex/latex/graphics-def/pdftex.def
File: pdftex.def 2020/10/05 v1.2a Graphics/color driver for pdftex
))
\Gin@req@height=\dimen161
\Gin@req@width=\dimen162
)
(/usr/local/texlive/2022/texmf-dist/tex/latex/base/ifthen.sty
Package: ifthen 2020/11/24 v1.1c Standard LaTeX ifthen package (DPC)
)
\c@r@tfl@t=\count275
\rotFPtop=\skip55
\rotFPbot=\skip56
\rot@float@box=\box53
\rot@mess@toks=\toks28
)
(/usr/local/texlive/2022/texmf-dist/tex/latex/multirow/multirow.sty
Package: multirow 2021/03/15 v2.8 Span multiple rows of a table
\multirow@colwidth=\skip57
\multirow@cntb=\count276
\multirow@dima=\skip58
\bigstrutjot=\dimen163
)
(/usr/local/texlive/2022/texmf-dist/tex/latex/caption/caption.sty
Package: caption 2022/03/01 v3.6b Customizing captions (AR)

(/usr/local/texlive/2022/texmf-dist/tex/latex/caption/caption3.sty
Package: caption3 2022/03/17 v2.3b caption3 kernel (AR)
\caption@tempdima=\dimen164
\captionmargin=\dimen165
\caption@leftmargin=\dimen166
\caption@rightmargin=\dimen167
\caption@width=\dimen168
\caption@indent=\dimen169
\caption@parindent=\dimen170
\caption@hangindent=\dimen171
Package caption Info: Standard document class detected.
)
\c@caption@flags=\count277
\c@continuedfloat=\count278
Package caption Info: rotating package is loaded.
Package caption Info: threeparttable package is loaded.
)
(/usr/local/texlive/2022/texmf-dist/tex/latex/float/float.sty
Package: float 2001/11/08 v1.3d Float enhancements (AL)
\c@float@type=\count279
\float@exts=\toks29
\float@box=\box54
\@float@everytoks=\toks30
\@floatcapt=\box55
)
(/usr/local/texlive/2022/texmf-dist/tex/latex/xcolor/xcolor.sty
Package: xcolor 2021/10/31 v2.13 LaTeX color extensions (UK)

(/usr/local/texlive/2022/texmf-dist/tex/latex/graphics-cfg/color.cfg
File: color.cfg 2016/01/02 v1.6 sample color configuration
)
Package xcolor Info: Driver file: pdftex.def on input line 227.
Package xcolor Info: Model `cmy' substituted by `cmy0' on input line 1352.
Package xcolor Info: Model `hsb' substituted by `rgb' on input line 1356.
Package xcolor Info: Model `RGB' extended on input line 1368.
Package xcolor Info: Model `HTML' substituted by `rgb' on input line 1370.
Package xcolor Info: Model `Hsb' substituted by `hsb' on input line 1371.
Package xcolor Info: Model `tHsb' substituted by `hsb' on input line 1372.
Package xcolor Info: Model `HSB' substituted by `hsb' on input line 1373.
Package xcolor Info: Model `Gray' substituted by `gray' on input line 1374.
Package xcolor Info: Model `wave' substituted by `hsb' on input line 1375.
)
(/usr/local/texlive/2022/texmf-dist/tex/latex/caption/subcaption.sty
Package: subcaption 2022/01/07 v1.5 Sub-captions (AR)
\c@subfigure=\count280
\c@subtable=\count281
)
(/usr/local/texlive/2022/texmf-dist/tex/latex/tablefootnote/tablefootnote.sty
Package: tablefootnote 2014/01/26 v1.1c Table foot notes (HMM)

(/usr/local/texlive/2022/texmf-dist/tex/generic/ltxcmds/ltxcmds.sty
Package: ltxcmds 2020-05-10 v1.25 LaTeX kernel commands for general use (HO)
)
(/usr/local/texlive/2022/texmf-dist/tex/latex/letltxmacro/letltxmacro.sty
Package: letltxmacro 2019/12/03 v1.6 Let assignment for LaTeX macros (HO)
)
(/usr/local/texlive/2022/texmf-dist/tex/latex/xifthen/xifthen.sty
Package: xifthen 2015/11/05 v1.4.0 Extended ifthen features

(/usr/local/texlive/2022/texmf-dist/tex/latex/tools/calc.sty
Package: calc 2017/05/25 v4.3 Infix arithmetic (KKT,FJ)
\calc@Acount=\count282
\calc@Bcount=\count283
\calc@Adimen=\dimen172
\calc@Bdimen=\dimen173
\calc@Askip=\skip59
\calc@Bskip=\skip60
LaTeX Info: Redefining \setlength on input line 80.
LaTeX Info: Redefining \addtolength on input line 81.
\calc@Ccount=\count284
\calc@Cskip=\skip61
)
(/usr/local/texlive/2022/texmf-dist/tex/latex/ifmtarg/ifmtarg.sty
Package: ifmtarg 2018/04/16 v1.2b check for an empty argument
))
(/usr/local/texlive/2022/texmf-dist/tex/latex/etoolbox/etoolbox.sty
Package: etoolbox 2020/10/05 v2.5k e-TeX tools for LaTeX (JAW)
\etb@tempcnta=\count285
))
(/usr/local/texlive/2022/texmf-dist/tex/latex/tools/indentfirst.sty
Package: indentfirst 1995/11/23 v1.03 Indent first paragraph (DPC)
)
(/usr/local/texlive/2022/texmf-dist/tex/latex/footmisc/footmisc.sty
Package: footmisc 2022/03/08 v6.0d a miscellany of footnote facilities
\FN@temptoken=\toks31
\footnotemargin=\dimen174
\@outputbox@depth=\dimen175
Package footmisc Info: Declaring symbol style bringhurst on input line 695.
Package footmisc Info: Declaring symbol style chicago on input line 703.
Package footmisc Info: Declaring symbol style wiley on input line 712.
Package footmisc Info: Declaring symbol style lamport-robust on input line 723.

Package footmisc Info: Declaring symbol style lamport* on input line 743.
Package footmisc Info: Declaring symbol style lamport*-robust on input line 764
.
)
(/usr/local/texlive/2022/texmf-dist/tex/latex/tools/array.sty
Package: array 2021/10/04 v2.5f Tabular extension package (FMi)
\col@sep=\dimen176
\ar@mcellbox=\box56
\extrarowheight=\dimen177
\NC@list=\toks32
\extratabsurround=\skip62
\backup@length=\skip63
\ar@cellbox=\box57
)
(/usr/local/texlive/2022/texmf-dist/tex/latex/l3backend/l3backend-pdftex.def
File: l3backend-pdftex.def 2022-02-07 L3 backend support: PDF output (pdfTeX)
\l__color_backend_stack_int=\count286
\l__pdf_internal_box=\box58
)

LaTeX Warning: Unused global option(s):
    [/Users/uddhav/Desktop/MAThesis/Stocks-Responsiveness/LaTex/master_file.tex
].

(./tables_figures.aux)
\openout1 = `tables_figures.aux'.

LaTeX Font Info:    Checking defaults for OML/cmm/m/it on input line 19.
LaTeX Font Info:    ... okay on input line 19.
LaTeX Font Info:    Checking defaults for OMS/cmsy/m/n on input line 19.
LaTeX Font Info:    ... okay on input line 19.
LaTeX Font Info:    Checking defaults for OT1/cmr/m/n on input line 19.
LaTeX Font Info:    ... okay on input line 19.
LaTeX Font Info:    Checking defaults for T1/cmr/m/n on input line 19.
LaTeX Font Info:    ... okay on input line 19.
LaTeX Font Info:    Checking defaults for TS1/cmr/m/n on input line 19.
LaTeX Font Info:    ... okay on input line 19.
LaTeX Font Info:    Checking defaults for OMX/cmex/m/n on input line 19.
LaTeX Font Info:    ... okay on input line 19.
LaTeX Font Info:    Checking defaults for U/cmr/m/n on input line 19.
LaTeX Font Info:    ... okay on input line 19.

(/usr/local/texlive/2022/texmf-dist/tex/context/base/mkii/supp-pdf.mkii
[Loading MPS to PDF converter (version 2006.09.02).]
\scratchcounter=\count287
\scratchdimen=\dimen178
\scratchbox=\box59
\nofMPsegments=\count288
\nofMParguments=\count289
\everyMPshowfont=\toks33
\MPscratchCnt=\count290
\MPscratchDim=\dimen179
\MPnumerator=\count291
\makeMPintoPDFobject=\count292
\everyMPtoPDFconversion=\toks34
) (/usr/local/texlive/2022/texmf-dist/tex/latex/epstopdf-pkg/epstopdf-base.sty
Package: epstopdf-base 2020-01-24 v2.11 Base part for package epstopdf
Package epstopdf-base Info: Redefining graphics rule for `.eps' on input line 4
85.

(/usr/local/texlive/2022/texmf-dist/tex/latex/latexconfig/epstopdf-sys.cfg
File: epstopdf-sys.cfg 2010/07/13 v1.3 Configuration of (r)epstopdf for TeX Liv
e
))
Package caption Info: Begin \AtBeginDocument code.
Package caption Info: float package is loaded.
Package caption Info: End \AtBeginDocument code.
</Users/uddhav/Desktop/MA Thesis/Stocks-Responsiveness/Graphs/fund_ta.png, id=1
, 722.7pt x 361.35pt>
File: /Users/uddhav/Desktop/MA Thesis/Stocks-Responsiveness/Graphs/fund_ta.png 
Graphic file (type png)
<use /Users/uddhav/Desktop/MA Thesis/Stocks-Responsiveness/Graphs/fund_ta.png>
Package pdftex.def Info: /Users/uddhav/Desktop/MA Thesis/Stocks-Responsiveness/
Graphs/fund_ta.png  used on input line 25.
(pdftex.def)             Requested size: 433.62334pt x 216.81168pt.

Overfull \hbox (88.62334pt too wide) in paragraph at lines 25--26
 [] 
 []

</Users/uddhav/Desktop/MA Thesis/Stocks-Responsiveness/Graphs/fund_share.png, i
d=3, 722.7pt x 361.35pt>
File: /Users/uddhav/Desktop/MA Thesis/Stocks-Responsiveness/Graphs/fund_share.p
ng Graphic file (type png)
<use /Users/uddhav/Desktop/MA Thesis/Stocks-Responsiveness/Graphs/fund_share.pn
g>
Package pdftex.def Info: /Users/uddhav/Desktop/MA Thesis/Stocks-Responsiveness/
Graphs/fund_share.png  used on input line 32.
(pdftex.def)             Requested size: 433.62334pt x 216.81168pt.

Overfull \hbox (88.62334pt too wide) in paragraph at lines 32--33
 [] 
 []

[1

{/usr/local/texlive/2022/texmf-var/fonts/map/pdftex/updmap/pdftex.map} </Users/
uddhav/Desktop/MA Thesis/Stocks-Responsiveness/Graphs/fund_ta.png>]
</Users/uddhav/Desktop/MA Thesis/Stocks-Responsiveness/Graphs/3vol_4q.png, id=1
2, 722.7pt x 361.35pt>
File: /Users/uddhav/Desktop/MA Thesis/Stocks-Responsiveness/Graphs/3vol_4q.png 
Graphic file (type png)
<use /Users/uddhav/Desktop/MA Thesis/Stocks-Responsiveness/Graphs/3vol_4q.png>
Package pdftex.def Info: /Users/uddhav/Desktop/MA Thesis/Stocks-Responsiveness/
Graphs/3vol_4q.png  used on input line 40.
(pdftex.def)             Requested size: 433.62334pt x 216.81168pt.

Overfull \hbox (88.62334pt too wide) in paragraph at lines 40--41
 [] 
 []

</Users/uddhav/Desktop/MA Thesis/Stocks-Responsiveness/Graphs/5vol_4q.png, id=1
3, 722.7pt x 361.35pt>
File: /Users/uddhav/Desktop/MA Thesis/Stocks-Responsiveness/Graphs/5vol_4q.png 
Graphic file (type png)
<use /Users/uddhav/Desktop/MA Thesis/Stocks-Responsiveness/Graphs/5vol_4q.png>
Package pdftex.def Info: /Users/uddhav/Desktop/MA Thesis/Stocks-Responsiveness/
Graphs/5vol_4q.png  used on input line 48.
(pdftex.def)             Requested size: 433.62334pt x 216.81168pt.

Overfull \hbox (88.62334pt too wide) in paragraph at lines 48--49
 [] 
 []

[2 </Users/uddhav/Desktop/MA Thesis/Stocks-Responsiveness/Graphs/fund_share.png
> </Users/uddhav/Desktop/MA Thesis/Stocks-Responsiveness/Graphs/3vol_4q.png>]
</Users/uddhav/Desktop/MA Thesis/Stocks-Responsiveness/Graphs/7vol_4q.png, id=1
9, 722.7pt x 361.35pt>
File: /Users/uddhav/Desktop/MA Thesis/Stocks-Responsiveness/Graphs/7vol_4q.png 
Graphic file (type png)
<use /Users/uddhav/Desktop/MA Thesis/Stocks-Responsiveness/Graphs/7vol_4q.png>
Package pdftex.def Info: /Users/uddhav/Desktop/MA Thesis/Stocks-Responsiveness/
Graphs/7vol_4q.png  used on input line 56.
(pdftex.def)             Requested size: 433.62334pt x 216.81168pt.

Overfull \hbox (88.62334pt too wide) in paragraph at lines 56--57
 [] 
 []

</Users/uddhav/Desktop/MA Thesis/Stocks-Responsiveness/Graphs/3vol_es_cont.png,
 id=20, 722.7pt x 361.35pt>
File: /Users/uddhav/Desktop/MA Thesis/Stocks-Responsiveness/Graphs/3vol_es_cont
.png Graphic file (type png)
<use /Users/uddhav/Desktop/MA Thesis/Stocks-Responsiveness/Graphs/3vol_es_cont.
png>
Package pdftex.def Info: /Users/uddhav/Desktop/MA Thesis/Stocks-Responsiveness/
Graphs/3vol_es_cont.png  used on input line 64.
(pdftex.def)             Requested size: 433.62334pt x 216.81168pt.

Overfull \hbox (88.62334pt too wide) in paragraph at lines 64--65
 [] 
 []

[3 </Users/uddhav/Desktop/MA Thesis/Stocks-Responsiveness/Graphs/5vol_4q.png> <
/Users/uddhav/Desktop/MA Thesis/Stocks-Responsiveness/Graphs/7vol_4q.png>]
</Users/uddhav/Desktop/MA Thesis/Stocks-Responsiveness/Graphs/5vol_es_cont.png,
 id=26, 722.7pt x 361.35pt>
File: /Users/uddhav/Desktop/MA Thesis/Stocks-Responsiveness/Graphs/5vol_es_cont
.png Graphic file (type png)
<use /Users/uddhav/Desktop/MA Thesis/Stocks-Responsiveness/Graphs/5vol_es_cont.
png>
Package pdftex.def Info: /Users/uddhav/Desktop/MA Thesis/Stocks-Responsiveness/
Graphs/5vol_es_cont.png  used on input line 72.
(pdftex.def)             Requested size: 433.62334pt x 216.81168pt.

Overfull \hbox (88.62334pt too wide) in paragraph at lines 72--73
 [] 
 []

</Users/uddhav/Desktop/MA Thesis/Stocks-Responsiveness/Graphs/7vol_es_cont.png,
 id=27, 722.7pt x 361.35pt>
File: /Users/uddhav/Desktop/MA Thesis/Stocks-Responsiveness/Graphs/7vol_es_cont
.png Graphic file (type png)
<use /Users/uddhav/Desktop/MA Thesis/Stocks-Responsiveness/Graphs/7vol_es_cont.
png>
Package pdftex.def Info: /Users/uddhav/Desktop/MA Thesis/Stocks-Responsiveness/
Graphs/7vol_es_cont.png  used on input line 80.
(pdftex.def)             Requested size: 433.62334pt x 216.81168pt.

Overfull \hbox (88.62334pt too wide) in paragraph at lines 80--81
 [] 
 []

[4 </Users/uddhav/Desktop/MA Thesis/Stocks-Responsiveness/Graphs/3vol_es_cont.p
ng> </Users/uddhav/Desktop/MA Thesis/Stocks-Responsiveness/Graphs/5vol_es_cont.
png>]
</Users/uddhav/Desktop/MA Thesis/Stocks-Responsiveness/Graphs/3vol_es_fe.png, i
d=33, 722.7pt x 361.35pt>
File: /Users/uddhav/Desktop/MA Thesis/Stocks-Responsiveness/Graphs/3vol_es_fe.p
ng Graphic file (type png)
<use /Users/uddhav/Desktop/MA Thesis/Stocks-Responsiveness/Graphs/3vol_es_fe.pn
g>
Package pdftex.def Info: /Users/uddhav/Desktop/MA Thesis/Stocks-Responsiveness/
Graphs/3vol_es_fe.png  used on input line 88.
(pdftex.def)             Requested size: 433.62334pt x 216.81168pt.

Overfull \hbox (88.62334pt too wide) in paragraph at lines 88--89
 [] 
 []

</Users/uddhav/Desktop/MA Thesis/Stocks-Responsiveness/Graphs/5vol_es_fe.png, i
d=34, 722.7pt x 361.35pt>
File: /Users/uddhav/Desktop/MA Thesis/Stocks-Responsiveness/Graphs/5vol_es_fe.p
ng Graphic file (type png)
<use /Users/uddhav/Desktop/MA Thesis/Stocks-Responsiveness/Graphs/5vol_es_fe.pn
g>
Package pdftex.def Info: /Users/uddhav/Desktop/MA Thesis/Stocks-Responsiveness/
Graphs/5vol_es_fe.png  used on input line 96.
(pdftex.def)             Requested size: 433.62334pt x 216.81168pt.

Overfull \hbox (88.62334pt too wide) in paragraph at lines 96--97
 [] 
 []

[5 </Users/uddhav/Desktop/MA Thesis/Stocks-Responsiveness/Graphs/7vol_es_cont.p
ng> </Users/uddhav/Desktop/MA Thesis/Stocks-Responsiveness/Graphs/3vol_es_fe.pn
g>]
</Users/uddhav/Desktop/MA Thesis/Stocks-Responsiveness/Graphs/7vol_es_fe.png, i
d=40, 722.7pt x 361.35pt>
File: /Users/uddhav/Desktop/MA Thesis/Stocks-Responsiveness/Graphs/7vol_es_fe.p
ng Graphic file (type png)
<use /Users/uddhav/Desktop/MA Thesis/Stocks-Responsiveness/Graphs/7vol_es_fe.pn
g>
Package pdftex.def Info: /Users/uddhav/Desktop/MA Thesis/Stocks-Responsiveness/
Graphs/7vol_es_fe.png  used on input line 104.
(pdftex.def)             Requested size: 433.62334pt x 216.81168pt.

Overfull \hbox (88.62334pt too wide) in paragraph at lines 104--105
 [] 
 []

</Users/uddhav/Desktop/MA Thesis/Stocks-Responsiveness/Graphs/3vol_es_iv_cont.p
ng, id=41, 722.7pt x 361.35pt>
File: /Users/uddhav/Desktop/MA Thesis/Stocks-Responsiveness/Graphs/3vol_es_iv_c
ont.png Graphic file (type png)
<use /Users/uddhav/Desktop/MA Thesis/Stocks-Responsiveness/Graphs/3vol_es_iv_co
nt.png>
Package pdftex.def Info: /Users/uddhav/Desktop/MA Thesis/Stocks-Responsiveness/
Graphs/3vol_es_iv_cont.png  used on input line 112.
(pdftex.def)             Requested size: 433.62334pt x 216.81168pt.

Overfull \hbox (88.62334pt too wide) in paragraph at lines 112--113
 [] 
 []

[6 </Users/uddhav/Desktop/MA Thesis/Stocks-Responsiveness/Graphs/5vol_es_fe.png
> </Users/uddhav/Desktop/MA Thesis/Stocks-Responsiveness/Graphs/7vol_es_fe.png>
]
</Users/uddhav/Desktop/MA Thesis/Stocks-Responsiveness/Graphs/5vol_es_iv_cont.p
ng, id=47, 722.7pt x 361.35pt>
File: /Users/uddhav/Desktop/MA Thesis/Stocks-Responsiveness/Graphs/5vol_es_iv_c
ont.png Graphic file (type png)
<use /Users/uddhav/Desktop/MA Thesis/Stocks-Responsiveness/Graphs/5vol_es_iv_co
nt.png>
Package pdftex.def Info: /Users/uddhav/Desktop/MA Thesis/Stocks-Responsiveness/
Graphs/5vol_es_iv_cont.png  used on input line 120.
(pdftex.def)             Requested size: 433.62334pt x 216.81168pt.

Overfull \hbox (88.62334pt too wide) in paragraph at lines 120--121
 [] 
 []

</Users/uddhav/Desktop/MA Thesis/Stocks-Responsiveness/Graphs/7vol_es_iv_cont.p
ng, id=48, 722.7pt x 361.35pt>
File: /Users/uddhav/Desktop/MA Thesis/Stocks-Responsiveness/Graphs/7vol_es_iv_c
ont.png Graphic file (type png)
<use /Users/uddhav/Desktop/MA Thesis/Stocks-Responsiveness/Graphs/7vol_es_iv_co
nt.png>
Package pdftex.def Info: /Users/uddhav/Desktop/MA Thesis/Stocks-Responsiveness/
Graphs/7vol_es_iv_cont.png  used on input line 128.
(pdftex.def)             Requested size: 433.62334pt x 216.81168pt.

Overfull \hbox (88.62334pt too wide) in paragraph at lines 128--129
 [] 
 []

[7 </Users/uddhav/Desktop/MA Thesis/Stocks-Responsiveness/Graphs/3vol_es_iv_con
t.png> </Users/uddhav/Desktop/MA Thesis/Stocks-Responsiveness/Graphs/5vol_es_iv
_cont.png>]
</Users/uddhav/Desktop/MA Thesis/Stocks-Responsiveness/Graphs/3vol_es_iv.png, i
d=55, 722.7pt x 361.35pt>
File: /Users/uddhav/Desktop/MA Thesis/Stocks-Responsiveness/Graphs/3vol_es_iv.p
ng Graphic file (type png)
<use /Users/uddhav/Desktop/MA Thesis/Stocks-Responsiveness/Graphs/3vol_es_iv.pn
g>
Package pdftex.def Info: /Users/uddhav/Desktop/MA Thesis/Stocks-Responsiveness/
Graphs/3vol_es_iv.png  used on input line 136.
(pdftex.def)             Requested size: 433.62334pt x 216.81168pt.

Overfull \hbox (88.62334pt too wide) in paragraph at lines 136--137
 [] 
 []

</Users/uddhav/Desktop/MA Thesis/Stocks-Responsiveness/Graphs/5vol_es_iv.png, i
d=56, 722.7pt x 361.35pt>
File: /Users/uddhav/Desktop/MA Thesis/Stocks-Responsiveness/Graphs/5vol_es_iv.p
ng Graphic file (type png)
<use /Users/uddhav/Desktop/MA Thesis/Stocks-Responsiveness/Graphs/5vol_es_iv.pn
g>
Package pdftex.def Info: /Users/uddhav/Desktop/MA Thesis/Stocks-Responsiveness/
Graphs/5vol_es_iv.png  used on input line 144.
(pdftex.def)             Requested size: 433.62334pt x 216.81168pt.

Overfull \hbox (88.62334pt too wide) in paragraph at lines 144--145
 [] 
 []

[8 </Users/uddhav/Desktop/MA Thesis/Stocks-Responsiveness/Graphs/7vol_es_iv_con
t.png> </Users/uddhav/Desktop/MA Thesis/Stocks-Responsiveness/Graphs/3vol_es_iv
.png>]
</Users/uddhav/Desktop/MA Thesis/Stocks-Responsiveness/Graphs/7vol_es_iv.png, i
d=62, 722.7pt x 361.35pt>
File: /Users/uddhav/Desktop/MA Thesis/Stocks-Responsiveness/Graphs/7vol_es_iv.p
ng Graphic file (type png)
<use /Users/uddhav/Desktop/MA Thesis/Stocks-Responsiveness/Graphs/7vol_es_iv.pn
g>
Package pdftex.def Info: /Users/uddhav/Desktop/MA Thesis/Stocks-Responsiveness/
Graphs/7vol_es_iv.png  used on input line 152.
(pdftex.def)             Requested size: 433.62334pt x 216.81168pt.

Overfull \hbox (88.62334pt too wide) in paragraph at lines 152--153
 [] 
 []

LaTeX Font Info:    Trying to load font information for U+msa on input line 163
.
(/usr/local/texlive/2022/texmf-dist/tex/latex/amsfonts/umsa.fd
File: umsa.fd 2013/01/14 v3.01 AMS symbols A
)
LaTeX Font Info:    Trying to load font information for U+msb on input line 163
.

(/usr/local/texlive/2022/texmf-dist/tex/latex/amsfonts/umsb.fd
File: umsb.fd 2013/01/14 v3.01 AMS symbols B
) [9 </Users/uddhav/Desktop/MA Thesis/Stocks-Responsiveness/Graphs/5vol_es_iv.p
ng> </Users/uddhav/Desktop/MA Thesis/Stocks-Responsiveness/Graphs/7vol_es_iv.pn
g>]
Overfull \hbox (84.38986pt too wide) in paragraph at lines 183--217
 [] 
 []

[10]
Overfull \hbox (91.05652pt too wide) in paragraph at lines 243--277
 [] 
 []

[11] (./tables_figures.aux)

LaTeX Warning: Label(s) may have changed. Rerun to get cross-references right.

 ) 
Here is how much of TeX's memory you used:
 6056 strings out of 478268
 105838 string characters out of 5846346
 401674 words of memory out of 5000000
 24169 multiletter control sequences out of 15000+600000
 474663 words of font info for 50 fonts, out of 8000000 for 9000
 1141 hyphenation exceptions out of 8191
 70i,16n,76p,245b,406s stack positions out of 10000i,1000n,20000p,200000b,200000s
</usr/local/texlive/2022/texmf-dist/fonts/type1/public/amsfonts/cm/cmbx12.pfb
></usr/local/texlive/2022/texmf-dist/fonts/type1/public/amsfonts/cm/cmmi8.pfb><
/usr/local/texlive/2022/texmf-dist/fonts/type1/public/amsfonts/cm/cmr10.pfb></u
sr/local/texlive/2022/texmf-dist/fonts/type1/public/amsfonts/cm/cmr8.pfb></usr/
local/texlive/2022/texmf-dist/fonts/type1/public/amsfonts/cm/cmsy10.pfb></usr/l
ocal/texlive/2022/texmf-dist/fonts/type1/public/amsfonts/symbols/msbm10.pfb>
Output written on tables_figures.pdf (11 pages, 1090488 bytes).
PDF statistics:
 105 PDF objects out of 1000 (max. 8388607)
 45 compressed objects within 1 object stream
 0 named destinations out of 1000 (max. 500000)
 86 words of extra memory for PDF output out of 10000 (max. 10000000)

